[16:41:51] [ServerMain/INFO]: [bootstrap] Running Java 21 (OpenJDK 64-Bit Server VM 21.0.10+7-Ubuntu-124.04; Ubuntu null) on Linux 6.8.0-1030-azure (amd64)
[16:41:51] [ServerMain/INFO]: [bootstrap] Loading Paper 1.21.11-99-main@81b9122 (2026-01-20T19:08:30Z) for Minecraft 1.21.11
[16:41:52] [ServerMain/INFO]: [PluginInitializerManager] Initializing plugins...
[16:41:52] [ServerMain/INFO]: [PluginInitializerManager] Initialized 9 plugins
[16:41:52] [ServerMain/INFO]: [PluginInitializerManager] Bukkit plugins (9):
 - BetterTPA (1.1.1), Chunky (1.4.40), CoreProtect (23.1), Multiverse-Core (5.5.2), SkinsRestorer (15.10.0), TAB (5.5.0), UltimateHomes (3.1), ViaBackwards (5.7.2-SNAPSHOT), ViaVersion (5.7.2-SNAPSHOT)
[16:41:58] [ServerMain/INFO]: Environment: Environment[sessionHost=https://sessionserver.mojang.com, servicesHost=https://api.minecraftservices.com, profilesHost=https://api.mojang.com, name=PROD]
[16:42:01] [ServerMain/INFO]: Loaded 1470 recipes
[16:42:01] [ServerMain/INFO]: Loaded 1584 advancements
[16:42:01] [ServerMain/INFO]: [ca.spottedleaf.dataconverter.minecraft.datatypes.MCTypeRegistry] Initialising converters for DataConverter...
[16:42:01] [ServerMain/INFO]: [ca.spottedleaf.dataconverter.minecraft.datatypes.MCTypeRegistry] Finished initialising converters for DataConverter in 529.3ms
[16:42:01] [Server thread/INFO]: Starting minecraft server version 1.21.11
[16:42:01] [Server thread/INFO]: Loading properties
[16:42:01] [Server thread/INFO]: This server is running Paper version 1.21.11-99-main@81b9122 (2026-01-20T19:08:30Z) (Implementing API version 1.21.11-R0.1-SNAPSHOT)
[16:42:01] [Server thread/INFO]: [spark] This server bundles the spark profiler. For more information please visit https://docs.papermc.io/paper/profiling
[16:42:02] [Server thread/INFO]: Server Ping Player Sample Count: 12
[16:42:02] [Server thread/INFO]: Using 4 threads for Netty based IO
[16:42:03] [Server thread/INFO]: [MoonriseCommon] Paper is using 1 worker threads, 1 I/O threads
[16:42:03] [Server thread/INFO]: Default game type: SURVIVAL
[16:42:03] [Server thread/INFO]: Generating keypair
[16:42:03] [Server thread/INFO]: Starting Minecraft server on *:25565
[16:42:03] [Server thread/INFO]: Paper: Using libdeflate (Linux x86_64) compression from Velocity.
[16:42:03] [Server thread/INFO]: Paper: Using OpenSSL 3.x.x (Linux x86_64) cipher from Velocity.
[16:42:04] [Server thread/INFO]: [ViaVersion] Loading server plugin ViaVersion v5.7.2-SNAPSHOT
[16:42:04] [Server thread/INFO]: [ViaVersion] ViaVersion 5.7.2-SNAPSHOT is now loaded. Registering protocol transformers and injecting...
[16:42:04] [Via-Mappingloader-1/INFO]: [ViaVersion] Loading block connection mappings ...
[16:42:05] [Via-Mappingloader-1/INFO]: [ViaVersion] Using FastUtil Long2ObjectOpenHashMap for block connections
[16:42:05] [Server thread/INFO]: [ViaBackwards] Loading translations...
[16:42:05] [Server thread/INFO]: [ViaBackwards] Registering protocols...
[16:42:06] [Server thread/INFO]: [ViaBackwards] Loading server plugin ViaBackwards v5.7.2-SNAPSHOT
[16:42:06] [Server thread/INFO]: [CoreProtect] Loading server plugin CoreProtect v23.1
[16:42:06] [Server thread/INFO]: [UltimateHomes] Loading server plugin UltimateHomes v3.1
[16:42:06] [Server thread/INFO]: [SkinsRestorer] Loading server plugin SkinsRestorer v15.10.0
[16:42:06] [Server thread/INFO]: [Chunky] Loading server plugin Chunky v1.4.40
[16:42:06] [Server thread/INFO]: [BetterTPA] Loading server plugin BetterTPA v1.1.1
[16:42:06] [Server thread/INFO]: [TAB] Loading server plugin TAB v5.5.0
[16:42:06] [Server thread/INFO]: [CoreLogging] Loading server plugin Multiverse-Core v5.5.2
[16:42:06] [Server thread/INFO]: Server permissions file permissions.yml is empty, ignoring it
[16:42:06] [Server thread/INFO]: [SkinsRestorer] Enabling SkinsRestorer v15.10.0
[16:42:07] [Server thread/INFO]: [SkinsRestorer] Running on Minecraft 1.21.11.
[16:42:08] [Server thread/INFO]: [SkinsRestorer] Using paper join listener!
[16:42:08] [Server thread/WARN]: **** SERVER IS RUNNING IN OFFLINE/INSECURE MODE!
[16:42:08] [Server thread/WARN]: The server will make no attempt to authenticate usernames. Beware.
[16:42:08] [Server thread/WARN]: While this makes the game possible to play without internet access, it also opens up the ability for hackers to connect with any username they choose.
[16:42:08] [Server thread/WARN]: To change this, set "online-mode" to "true" in the server.properties file.
[16:42:08] [Server thread/INFO]: Preparing level "world"
[16:42:08] [Folia Async Scheduler Thread #1/WARN]: [SkinsRestorer] Failed to get release info from api.github.com. 
 If this message is repeated a lot, please see https://skinsrestorer.net/firewall
[16:42:08] [Server thread/INFO]: [ca.spottedleaf.moonrise.common.util.MoonriseConstants] NUMA enable flag is not set; however there is NUMA interaction support for this OS.
[16:42:08] [Server thread/INFO]: [ca.spottedleaf.moonrise.common.util.MoonriseConstants] Detected 1 NUMA nodes.
[16:42:09] [Server thread/INFO]: Loading 0 persistent chunks for world 'minecraft:overworld'...
[16:42:09] [Server thread/INFO]: Prepared spawn area in 3 ms
[16:42:09] [Server thread/INFO]: Loading 0 persistent chunks for world 'minecraft:the_nether'...
[16:42:09] [Server thread/INFO]: Prepared spawn area in 0 ms
[16:42:09] [Server thread/INFO]: Loading 0 persistent chunks for world 'minecraft:the_end'...
[16:42:09] [Server thread/INFO]: Prepared spawn area in 0 ms
[16:42:09] [Server thread/INFO]: Done preparing level "world" (0.751s)
[16:42:09] [Server thread/INFO]: [ViaVersion] Enabling ViaVersion v5.7.2-SNAPSHOT
[16:42:09] [Server thread/INFO]: [ViaVersion] ViaVersion detected server version: 1.21.11 (774)
[16:42:09] [Server thread/INFO]: [ViaBackwards] Enabling ViaBackwards v5.7.2-SNAPSHOT
[16:42:09] [Server thread/INFO]: [CoreProtect] Enabling CoreProtect v23.1
[16:42:09] [Server thread/INFO]: [CoreProtect] CoreProtect Community Edition has been successfully enabled! 
[16:42:09] [Server thread/INFO]: [CoreProtect] Using SQLite for data storage.
[16:42:09] [Server thread/INFO]: --------------------
[16:42:09] [Server thread/INFO]: [CoreProtect] Enjoy CoreProtect? Join our Discord!
[16:42:09] [Server thread/INFO]: [CoreProtect] Discord: www.coreprotect.net/discord/
[16:42:09] [Server thread/INFO]: --------------------
[16:42:09] [Server thread/INFO]: [UltimateHomes] Enabling UltimateHomes v3.1
[16:42:09] [Server thread/INFO]: 
[16:42:09] [Server thread/INFO]: --------------------------------------
[16:42:09] [Server thread/INFO]:        UltimateHomes by kixmc
[16:42:09] [Server thread/INFO]:        Enabled on version 3.1
[16:42:09] [Server thread/INFO]: --------------------------------------
[16:42:09] [Server thread/INFO]:  
[16:42:09] [Server thread/INFO]: [Chunky] Enabling Chunky v1.4.40
[16:42:09] [Server thread/INFO]: [BetterTPA] Enabling BetterTPA v1.1.1
[16:42:10] [Server thread/INFO]: [TAB] Enabling TAB v5.5.0
[16:42:10] [Server thread/INFO]: [TAB] Enabled in 362ms
[16:42:10] [Server thread/INFO]: [Multiverse-Core] Enabling Multiverse-Core v5.5.2
[16:42:11] [Server thread/INFO]: Loading 0 persistent chunks for world 'minecraft:creativo'...
[16:42:11] [Server thread/INFO]: Prepared spawn area in 1 ms
[16:42:11] [Server thread/INFO]: [Multiverse-Core] API service loaded!
[16:42:11] [Server thread/INFO]: [Multiverse-Core] Version 5.5.2 (API v5.5) Enabled - By dumptruckman, Rigby, fernferret, lithium3141, main--, benwoo1110 and Zax71
[16:42:11] [Server thread/INFO]: [Multiverse-Core] Loving Multiverse-Core? Please consider supporting the project with a small donation: https://github.com/sponsors/Multiverse
[16:42:12] [Server thread/INFO]: [spark] Starting background profiler...
[16:42:12] [Server thread/INFO]: Running delayed init tasks
[16:42:12] [Server thread/INFO]: [Chunky] No tasks to continue.
[16:42:12] [Craft Scheduler Thread - 2 - ViaVersion/INFO]: [ViaVersion] Finished mapping loading, shutting down loader executor.
[16:42:12] [Server thread/INFO]: Done (21.269s)! For help, type "help"
[16:42:12] [Server thread/INFO]: [ViaVersion] You are running a development version of the plugin, please report any bugs to GitHub.
[16:42:12] [Paper Async Task Handler Thread - 1/INFO]: *** Currently you are 11 build(s) behind ***
[16:42:12] [Paper Async Task Handler Thread - 1/INFO]: *** It is highly recommended to download the latest build from https://papermc.io/downloads/paper ***
[16:42:31] [User Authenticator #0/INFO]: UUID of player TheKingDragon_YT is 1b2fa22e-9d4f-3bea-99c5-206d76f1aca3
[16:42:33] [Server thread/INFO]: TheKingDragon_YT joined the game
[16:42:33] [TAB Processing Thread/INFO]: [TAB] [WARN] Player TheKingDragon_YT's group (none) is not in sorting list! Sorting list: owner,admin,mod,helper,builder,vip,default. Player will be sorted on the bottom.
[16:42:33] [Server thread/INFO]: TheKingDragon_YT[/127.0.88.202:33277] logged in with entity id 80 at ([world]-212.27239082404824, 71.0, -67.05971761498236)
[16:42:36] [Server thread/INFO]: TheKingDragon_YT issued server command: /plugins
[16:42:47] [Server thread/INFO]: TheKingDragon_YT issued server command: /plugins r
[16:44:56] [Server thread/INFO]: Stopping the server
[16:44:56] [Server thread/INFO]: Stopping server
[16:44:56] [Server thread/INFO]: [Multiverse-Core] Disabling Multiverse-Core v5.5.2
[16:44:56] [Server thread/INFO]: [Multiverse-Core] - Disabled
[16:44:56] [Server thread/INFO]: [TAB] Disabling TAB v5.5.0
[16:44:56] [Server thread/INFO]: [TAB] Disabled in 3ms
[16:44:56] [Server thread/INFO]: [BetterTPA] Disabling BetterTPA v1.1.1
[16:44:56] [Server thread/INFO]: [Chunky] Disabling Chunky v1.4.40
[16:44:56] [Server thread/INFO]: [SkinsRestorer] Disabling SkinsRestorer v15.10.0
[16:44:56] [Server thread/INFO]: [UltimateHomes] Disabling UltimateHomes v3.1
[16:44:56] [Server thread/INFO]: [CoreProtect] Disabling CoreProtect v23.1
[16:44:56] [Server thread/INFO]: [CoreProtect] Finishing up data logging. Please wait...
[16:44:56] [Server thread/INFO]: [CoreProtect] Success! Disabled CoreProtect v23.1
[16:44:56] [Server thread/INFO]: [ViaBackwards] Disabling ViaBackwards v5.7.2-SNAPSHOT
[16:44:56] [Server thread/INFO]: [ViaVersion] Disabling ViaVersion v5.7.2-SNAPSHOT
[16:44:56] [Server thread/INFO]: [ViaVersion] ViaVersion has been disabled; uninjected the platform and shut down the scheduler.
[16:44:56] [Server thread/INFO]: Saving players
[16:44:56] [Server thread/INFO]: TheKingDragon_YT lost connection: Server closed
[16:44:56] [Server thread/INFO]: TheKingDragon_YT left the game
[16:44:56] [Server thread/INFO]: Saving worlds
[16:44:56] [Server thread/INFO]: Saving chunks for level 'ServerLevel[world]'/minecraft:overworld
[16:44:56] [Server thread/INFO]: [ChunkHolderManager] Waiting 60s for chunk system to halt for world 'world'
[16:44:56] [Server thread/INFO]: [ChunkHolderManager] Halted chunk system for world 'world'
[16:44:56] [Server thread/INFO]: [ChunkHolderManager] Saving all chunkholders for world 'world'
[16:44:58] [Server thread/INFO]: [ChunkHolderManager] Saved 625 block chunks, 625 entity chunks, 0 poi chunks in world 'world' in 1.59s
[16:44:58] [Server thread/INFO]: [ChunkHolderManager] Waiting 60s for chunk I/O to halt for world 'world'
[16:44:58] [Server thread/INFO]: [ChunkHolderManager] Halted I/O scheduler for world 'world'
[16:44:58] [Server thread/INFO]: Saving chunks for level 'ServerLevel[world_nether]'/minecraft:the_nether
[16:44:58] [Server thread/INFO]: [ChunkHolderManager] Waiting 60s for chunk system to halt for world 'world_nether'
[16:44:58] [Server thread/INFO]: [ChunkHolderManager] Halted chunk system for world 'world_nether'
[16:44:58] [Server thread/INFO]: [ChunkHolderManager] Saving all chunkholders for world 'world_nether'
[16:44:58] [Server thread/INFO]: [ChunkHolderManager] Saved 0 block chunks, 0 entity chunks, 0 poi chunks in world 'world_nether' in 0.00s
[16:44:58] [Server thread/INFO]: [ChunkHolderManager] Waiting 60s for chunk I/O to halt for world 'world_nether'
[16:44:58] [Server thread/INFO]: [ChunkHolderManager] Halted I/O scheduler for world 'world_nether'
[16:44:58] [Server thread/INFO]: Saving chunks for level 'ServerLevel[world_the_end]'/minecraft:the_end
[16:44:58] [Server thread/INFO]: [ChunkHolderManager] Waiting 60s for chunk system to halt for world 'world_the_end'
[16:44:58] [Server thread/INFO]: [ChunkHolderManager] Halted chunk system for world 'world_the_end'
[16:44:58] [Server thread/INFO]: [ChunkHolderManager] Saving all chunkholders for world 'world_the_end'
[16:44:58] [Server thread/INFO]: [ChunkHolderManager] Saved 0 block chunks, 0 entity chunks, 0 poi chunks in world 'world_the_end' in 0.00s
[16:44:58] [Server thread/INFO]: [ChunkHolderManager] Waiting 60s for chunk I/O to halt for world 'world_the_end'
[16:44:58] [Server thread/INFO]: [ChunkHolderManager] Halted I/O scheduler for world 'world_the_end'
[16:44:58] [Server thread/INFO]: Saving chunks for level 'ServerLevel[creativo]'/minecraft:creativo
[16:44:58] [Server thread/INFO]: [ChunkHolderManager] Waiting 60s for chunk system to halt for world 'creativo'
[16:44:58] [Server thread/INFO]: [ChunkHolderManager] Halted chunk system for world 'creativo'
[16:44:58] [Server thread/INFO]: [ChunkHolderManager] Saving all chunkholders for world 'creativo'
[16:44:58] [Server thread/INFO]: [ChunkHolderManager] Saved 0 block chunks, 0 entity chunks, 0 poi chunks in world 'creativo' in 0.00s
[16:44:58] [Server thread/INFO]: [ChunkHolderManager] Waiting 60s for chunk I/O to halt for world 'creativo'
[16:44:58] [Server thread/INFO]: [ChunkHolderManager] Halted I/O scheduler for world 'creativo'
[16:44:58] [Server thread/INFO]: ThreadedAnvilChunkStorage (world): All chunks are saved
[16:44:58] [Server thread/INFO]: ThreadedAnvilChunkStorage (DIM-1): All chunks are saved
[16:44:58] [Server thread/INFO]: ThreadedAnvilChunkStorage (DIM1): All chunks are saved
[16:44:58] [Server thread/INFO]: ThreadedAnvilChunkStorage (creativo): All chunks are saved
[16:44:58] [Server thread/INFO]: ThreadedAnvilChunkStorage: All dimensions are saved
[16:44:58] [Server thread/INFO]: Waiting for all RegionFile I/O tasks to complete...
[16:44:58] [Server thread/INFO]: All RegionFile I/O tasks to complete
[16:44:58] [Server thread/INFO]: [MoonriseCommon] Awaiting termination of worker pool for up to 60s...
[16:44:58] [Server thread/INFO]: [MoonriseCommon] Awaiting termination of I/O pool for up to 60s...
