[Tue, 10. Feb 2026 10:49:38 UTC | ID 422689913885032450] thekingdragon_yt: a
[Tue, 10. Feb 2026 10:56:10 UTC | ID 422689913885032450] thekingdragon_yt: !op T
[Tue, 10. Feb 2026 10:56:14 UTC | ID 422689913885032450] thekingdragon_yt: !ola
[Tue, 10. Feb 2026 10:56:43 UTC | ID 422689913885032450] thekingdragon_yt: !tps
[Tue, 10. Feb 2026 10:57:11 UTC | ID 422689913885032450] thekingdragon_yt: !c tps
[Tue, 10. Feb 2026 10:58:01 UTC | ID 422689913885032450] thekingdragon_yt: !c say funciona
[Tue, 10. Feb 2026 11:03:14 UTC | ID 422689913885032450] thekingdragon_yt: !c say hey
[Tue, 10. Feb 2026 11:03:50 UTC | ID 422689913885032450] thekingdragon_yt: !c op TheKingDragon_YT
[Tue, 10. Feb 2026 11:06:10 UTC | ID 422689913885032450] thekingdragon_yt: !c /lp applyedits PAN7QeVsXi
[Tue, 10. Feb 2026 11:06:37 UTC | ID 422689913885032450] thekingdragon_yt: !c lp applyedits PAN7QeVsXi
[Tue, 10. Feb 2026 11:08:25 UTC | ID 422689913885032450] thekingdragon_yt: !c lp editor
[Tue, 10. Feb 2026 11:10:49 UTC | ID 422689913885032450] thekingdragon_yt: !c /p applyedits DcfNylS5WJ
[Tue, 10. Feb 2026 11:10:53 UTC | ID 422689913885032450] thekingdragon_yt: !c lp applyedits DcfNylS5WJ
[Tue, 10. Feb 2026 11:12:25 UTC | ID 422689913885032450] thekingdragon_yt: !c op TheKingDragon_YT
[Tue, 10. Feb 2026 11:15:13 UTC | ID 422689913885032450] thekingdragon_yt: !c /lp applyedits pjv8KF9ukr
[Tue, 10. Feb 2026 11:15:19 UTC | ID 422689913885032450] thekingdragon_yt: !c lp applyedits pjv8KF9ukr
[Tue, 10. Feb 2026 11:15:31 UTC | ID 422689913885032450] thekingdragon_yt: !c lp applyedits pjv8KF9ukr
[Tue, 10. Feb 2026 13:12:42 UTC | ID 422689913885032450] thekingdragon_yt: !c effect clear @a
[Tue, 10. Feb 2026 13:55:46 UTC | ID 422689913885032450] thekingdragon_yt: !c op @a
[Tue, 10. Feb 2026 16:44:35 UTC | ID 422689913885032450] thekingdragon_yt: !c op @a
