[14:47:11] [ServerMain/INFO]: [bootstrap] Running Java 21 (OpenJDK 64-Bit Server VM 21.0.10+7-Ubuntu-124.04; Ubuntu null) on Linux 6.8.0-1030-azure (amd64)
[14:47:11] [ServerMain/INFO]: [bootstrap] Loading Paper 1.21.11-99-main@81b9122 (2026-01-20T19:08:30Z) for Minecraft 1.21.11
[14:47:11] [ServerMain/INFO]: [PluginInitializerManager] Initializing plugins...
[14:47:18] [ServerMain/INFO]: [PluginInitializerManager] Initialized 14 plugins
[14:47:18] [ServerMain/INFO]: [PluginInitializerManager] Bukkit plugins (14):
 - BetterTPA (1.1.1), Chunky (1.4.40), CoreProtect (23.1), DiscordSRV (1.30.4), Geyser-Spigot (2.9.3-SNAPSHOT), LuckPerms (5.5.32), Multiverse-Core (5.5.2), Multiverse-Inventories (5.3.1), SkinsRestorer (15.10.0), TAB (5.5.0), UltimateHomes (3.1), ViaBackwards (5.7.2-SNAPSHOT), ViaVersion (5.7.2-SNAPSHOT), WorldEdit (7.4.0+7381-3decaf0)
[14:47:24] [ServerMain/INFO]: Environment: Environment[sessionHost=https://sessionserver.mojang.com, servicesHost=https://api.minecraftservices.com, profilesHost=https://api.mojang.com, name=PROD]
[14:47:27] [ServerMain/INFO]: Loaded 1470 recipes
[14:47:27] [ServerMain/INFO]: Loaded 1584 advancements
[14:47:27] [ServerMain/INFO]: [ca.spottedleaf.dataconverter.minecraft.datatypes.MCTypeRegistry] Initialising converters for DataConverter...
[14:47:27] [ServerMain/INFO]: [ca.spottedleaf.dataconverter.minecraft.datatypes.MCTypeRegistry] Finished initialising converters for DataConverter in 348.7ms
[14:47:27] [Server thread/INFO]: Starting minecraft server version 1.21.11
[14:47:27] [Server thread/INFO]: Loading properties
[14:47:27] [Server thread/INFO]: This server is running Paper version 1.21.11-99-main@81b9122 (2026-01-20T19:08:30Z) (Implementing API version 1.21.11-R0.1-SNAPSHOT)
[14:47:27] [Server thread/INFO]: [spark] This server bundles the spark profiler. For more information please visit https://docs.papermc.io/paper/profiling
[14:47:28] [Server thread/INFO]: Server Ping Player Sample Count: 12
[14:47:28] [Server thread/INFO]: Using 4 threads for Netty based IO
[14:47:28] [Server thread/INFO]: [MoonriseCommon] Paper is using 1 worker threads, 1 I/O threads
[14:47:29] [Server thread/INFO]: Default game type: SURVIVAL
[14:47:29] [Server thread/INFO]: Generating keypair
[14:47:29] [Server thread/INFO]: Starting Minecraft server on *:25565
[14:47:29] [Server thread/INFO]: Paper: Using libdeflate (Linux x86_64) compression from Velocity.
[14:47:29] [Server thread/INFO]: Paper: Using OpenSSL 3.x.x (Linux x86_64) cipher from Velocity.
[14:47:31] [Server thread/INFO]: [ViaVersion] Loading server plugin ViaVersion v5.7.2-SNAPSHOT
[14:47:31] [Server thread/INFO]: [ViaVersion] ViaVersion 5.7.2-SNAPSHOT is now loaded. Registering protocol transformers and injecting...
[14:47:31] [Via-Mappingloader-1/INFO]: [ViaVersion] Loading block connection mappings ...
[14:47:31] [Via-Mappingloader-1/INFO]: [ViaVersion] Using FastUtil Long2ObjectOpenHashMap for block connections
[14:47:32] [Server thread/INFO]: [ViaBackwards] Loading translations...
[14:47:32] [Server thread/INFO]: [ViaBackwards] Registering protocols...
[14:47:32] [Server thread/INFO]: [WorldEdit] Loading server plugin WorldEdit v7.4.0+7381-3decaf0
[14:47:33] [Server thread/INFO]: Got request to register class com.sk89q.worldedit.bukkit.BukkitServerInterface with WorldEdit [com.sk89q.worldedit.extension.platform.PlatformManager@403e3158]
[14:47:33] [Server thread/INFO]: [ViaBackwards] Loading server plugin ViaBackwards v5.7.2-SNAPSHOT
[14:47:33] [Server thread/INFO]: [CoreLogging] Loading server plugin Multiverse-Core v5.5.2
[14:47:33] [Server thread/INFO]: [LuckPerms] Loading server plugin LuckPerms v5.5.32
[14:47:34] [Server thread/INFO]: [LuckPerms] Loading configuration...
[14:47:34] [Server thread/INFO]: [CoreProtect] Loading server plugin CoreProtect v23.1
[14:47:34] [Server thread/INFO]: [UltimateHomes] Loading server plugin UltimateHomes v3.1
[14:47:34] [Server thread/INFO]: [SkinsRestorer] Loading server plugin SkinsRestorer v15.10.0
[14:47:34] [Server thread/INFO]: [Chunky] Loading server plugin Chunky v1.4.40
[14:47:34] [Server thread/INFO]: [InvLogging] Loading server plugin Multiverse-Inventories v5.3.1
[14:47:34] [Server thread/INFO]: [Geyser-Spigot] Loading server plugin Geyser-Spigot v2.9.3-SNAPSHOT
[14:47:34] [Server thread/INFO]: [Geyser-Spigot] Loading extensions...
[14:47:34] [Server thread/INFO]: [Geyser-Spigot] Loaded 0 extension(s)
[14:47:34] [Server thread/INFO]: [BetterTPA] Loading server plugin BetterTPA v1.1.1
[14:47:34] [Server thread/INFO]: [TAB] Loading server plugin TAB v5.5.0
[14:47:34] [Server thread/INFO]: [DiscordSRV] Loading server plugin DiscordSRV v1.30.4
[14:47:34] [Server thread/INFO]: Server permissions file permissions.yml is empty, ignoring it
[14:47:34] [Server thread/INFO]: [WorldEdit] Enabling WorldEdit v7.4.0+7381-3decaf0
[14:47:35] [Server thread/INFO]: Registering commands with com.sk89q.worldedit.bukkit.BukkitServerInterface
[14:47:35] [Server thread/INFO]: WEPIF: Using the Bukkit Permissions API.
[14:47:35] [Server thread/INFO]: Using com.sk89q.worldedit.bukkit.adapter.impl.v1_21_11.PaperweightAdapter as the Bukkit adapter
[14:47:35] [Server thread/INFO]: [LuckPerms] Enabling LuckPerms v5.5.32
[14:47:36] [Server thread/INFO]:         __    
[14:47:36] [Server thread/INFO]:   |    |__)   LuckPerms v5.5.32
[14:47:36] [Server thread/INFO]:   |___ |      Running on Bukkit - Paper
[14:47:36] [Server thread/INFO]: 
[14:47:36] [Server thread/INFO]: [LuckPerms] Loading storage provider... [H2]
[14:47:37] [Server thread/INFO]: [LuckPerms] Loading internal permission managers...
[14:47:37] [Server thread/INFO]: [LuckPerms] Performing initial data load...
[14:47:37] [Server thread/INFO]: [LuckPerms] Successfully enabled. (took 1721ms)
[14:47:37] [Server thread/INFO]: [SkinsRestorer] Enabling SkinsRestorer v15.10.0
[14:47:38] [Server thread/INFO]: [SkinsRestorer] Running on Minecraft 1.21.11.
[14:47:39] [Server thread/INFO]: [SkinsRestorer] Using paper join listener!
[14:47:39] [Server thread/WARN]: **** SERVER IS RUNNING IN OFFLINE/INSECURE MODE!
[14:47:39] [Server thread/WARN]: The server will make no attempt to authenticate usernames. Beware.
[14:47:39] [Server thread/WARN]: While this makes the game possible to play without internet access, it also opens up the ability for hackers to connect with any username they choose.
[14:47:39] [Server thread/WARN]: To change this, set "online-mode" to "true" in the server.properties file.
[14:47:39] [Server thread/INFO]: Preparing level "world"
[14:47:39] [Server thread/INFO]: [ca.spottedleaf.moonrise.common.util.MoonriseConstants] NUMA enable flag is not set; however there is NUMA interaction support for this OS.
[14:47:39] [Server thread/INFO]: [ca.spottedleaf.moonrise.common.util.MoonriseConstants] Detected 1 NUMA nodes.
[14:47:39] [Folia Async Scheduler Thread #1/INFO]: [SkinsRestorer] ----------------------------------------------
[14:47:39] [Folia Async Scheduler Thread #1/INFO]: [SkinsRestorer]     +==================+
[14:47:39] [Folia Async Scheduler Thread #1/INFO]: [SkinsRestorer]     |   SkinsRestorer  |
[14:47:39] [Folia Async Scheduler Thread #1/INFO]: [SkinsRestorer]     |------------------|
[14:47:39] [Folia Async Scheduler Thread #1/INFO]: [SkinsRestorer]     |  Standalone Mode |
[14:47:39] [Folia Async Scheduler Thread #1/INFO]: [SkinsRestorer]     +==================+
[14:47:39] [Folia Async Scheduler Thread #1/INFO]: [SkinsRestorer] ----------------------------------------------
[14:47:39] [Folia Async Scheduler Thread #1/INFO]: [SkinsRestorer]     Version: 15.10.0
[14:47:39] [Folia Async Scheduler Thread #1/INFO]: [SkinsRestorer]     Commit: fcb9320
[14:47:39] [Folia Async Scheduler Thread #1/INFO]: [SkinsRestorer]     This is the latest version!
[14:47:39] [Folia Async Scheduler Thread #1/INFO]: [SkinsRestorer] ----------------------------------------------
[14:47:39] [Folia Async Scheduler Thread #1/INFO]: [SkinsRestorer] Do you have issues? Read our troubleshooting guide: https://skinsrestorer.net/docs/troubleshooting
[14:47:39] [Folia Async Scheduler Thread #1/INFO]: [SkinsRestorer] Want to support SkinsRestorer? Consider donating: https://skinsrestorer.net/donate
[14:47:40] [Server thread/INFO]: Loading 0 persistent chunks for world 'minecraft:overworld'...
[14:47:40] [Server thread/INFO]: Preparing spawn area: 100%
[14:47:40] [Server thread/INFO]: Prepared spawn area in 4 ms
[14:47:40] [Server thread/INFO]: Loading 0 persistent chunks for world 'minecraft:the_nether'...
[14:47:40] [Server thread/INFO]: Preparing spawn area: 100%
[14:47:40] [Server thread/INFO]: Prepared spawn area in 1 ms
[14:47:40] [Server thread/INFO]: Loading 0 persistent chunks for world 'minecraft:the_end'...
[14:47:40] [Server thread/INFO]: Prepared spawn area in 3 ms
[14:47:40] [Server thread/INFO]: Done preparing level "world" (0.927s)
[14:47:40] [Server thread/INFO]: [ViaVersion] Enabling ViaVersion v5.7.2-SNAPSHOT
[14:47:40] [Server thread/INFO]: [ViaVersion] ViaVersion detected server version: 1.21.11 (774)
[14:47:40] [Server thread/INFO]: [ViaBackwards] Enabling ViaBackwards v5.7.2-SNAPSHOT
[14:47:40] [Server thread/INFO]: [Multiverse-Core] Enabling Multiverse-Core v5.5.2
[14:47:40] [Server thread/INFO]: Loading 0 persistent chunks for world 'minecraft:creativo'...
[14:47:40] [Server thread/INFO]: Prepared spawn area in 1 ms
[14:47:41] [Server thread/INFO]: [Multiverse-Core] API service loaded!
[14:47:41] [Server thread/INFO]: [Multiverse-Core] Version 5.5.2 (API v5.5) Enabled - By dumptruckman, Rigby, fernferret, lithium3141, main--, benwoo1110 and Zax71
[14:47:41] [Server thread/INFO]: [Multiverse-Core] Loving Multiverse-Core? Please consider supporting the project with a small donation: https://github.com/sponsors/Multiverse
[14:47:41] [Server thread/INFO]: [CoreProtect] Enabling CoreProtect v23.1
[14:47:41] [Server thread/INFO]: [CoreProtect] CoreProtect Community Edition has been successfully enabled! 
[14:47:41] [Server thread/INFO]: [CoreProtect] Using SQLite for data storage.
[14:47:41] [Server thread/INFO]: --------------------
[14:47:41] [Server thread/INFO]: [CoreProtect] Enjoy CoreProtect? Join our Discord!
[14:47:41] [Server thread/INFO]: [CoreProtect] Discord: www.coreprotect.net/discord/
[14:47:41] [Server thread/INFO]: --------------------
[14:47:41] [Server thread/INFO]: [UltimateHomes] Enabling UltimateHomes v3.1
[14:47:41] [Server thread/INFO]: 
[14:47:41] [Server thread/INFO]: --------------------------------------
[14:47:41] [Server thread/INFO]:        UltimateHomes by kixmc
[14:47:41] [Server thread/INFO]:        Enabled on version 3.1
[14:47:41] [Server thread/INFO]: --------------------------------------
[14:47:41] [Server thread/INFO]:  
[14:47:41] [Server thread/INFO]: [Chunky] Enabling Chunky v1.4.40
[14:47:41] [Server thread/INFO]: [Multiverse-Inventories] Enabling Multiverse-Inventories v5.3.1
[14:47:42] [Server thread/INFO]: [Multiverse-Inventories] Loading player names map...
[14:47:42] [Server thread/INFO]: [Multiverse-Inventories] Version 5.3.1 (API v5.3) Enabled - By dumptruckman and benwoo1110
[14:47:42] [Server thread/INFO]: [Geyser-Spigot] Enabling Geyser-Spigot v2.9.3-SNAPSHOT
[14:47:43] [Server thread/INFO]: [BetterTPA] Enabling BetterTPA v1.1.1
[14:47:44] [Server thread/INFO]: [TAB] Enabling TAB v5.5.0
[14:47:44] [Server thread/INFO]: [TAB] Enabled in 207ms
[14:47:44] [Server thread/INFO]: [DiscordSRV] Enabling DiscordSRV v1.30.4
[14:47:44] [Server thread/INFO]: [DiscordSRV] API listener org.mvplugins.multiverse.inventories.listeners.AdvancementDonePaperHelper$DiscordSrvHook subscribed (1 methods)
[14:47:45] [Server thread/INFO]: [spark] Starting background profiler...
[14:47:45] [pool-36-thread-1/INFO]: [DiscordSRV] DiscordSRV is up-to-date. (3ac35c15e43cb693f68baf05b72a26ebd4d3d78d)
[14:47:46] [Server thread/INFO]: [Geyser-Spigot] ******************************************
[14:47:46] [Server thread/INFO]: [Geyser-Spigot] 
[14:47:46] [Server thread/INFO]: [Geyser-Spigot] Loading Geyser version 2.9.3-b1068 (git-master-53a0ed5)
[14:47:46] [Server thread/INFO]: [Geyser-Spigot] 
[14:47:46] [Server thread/INFO]: [Geyser-Spigot] ******************************************
[14:47:46] [DiscordSRV - Initialization/ERROR]: [DiscordSRV] ===================================================
[14:47:46] [DiscordSRV - Initialization/ERROR]: [DiscordSRV]  
[14:47:46] [DiscordSRV - Initialization/ERROR]: [DiscordSRV]  DiscordSRV could not connect to Discord because:
[14:47:46] [DiscordSRV - Initialization/ERROR]: [DiscordSRV]  The bot token is invalid
[14:47:46] [DiscordSRV - Initialization/ERROR]: [DiscordSRV]  
[14:47:46] [DiscordSRV - Initialization/ERROR]: [DiscordSRV] ===================================================
[14:47:50] [Server thread/INFO]: [Geyser-Spigot] Started Geyser on UDP port 19132
[14:47:50] [Server thread/INFO]: [Geyser-Spigot] Done (3.742s)! Run /geyser help for help!
[14:47:50] [Server thread/INFO]: Running delayed init tasks
[14:47:50] [Server thread/INFO]: [Chunky] No tasks to continue.
[14:47:50] [Server thread/INFO]: [CoreProtect] WorldEdit logging successfully initialized.
[14:47:50] [Server thread/INFO]: [DiscordSRV] Disabling DiscordSRV v1.30.4
[14:47:50] [Craft Scheduler Thread - 2 - ViaVersion/INFO]: [ViaVersion] Finished mapping loading, shutting down loader executor.
[14:47:50] [Server thread/INFO]: Done (39.974s)! For help, type "help"
[14:47:50] [Server thread/INFO]: [ViaVersion] You are running a development version of the plugin, please report any bugs to GitHub.
[14:47:50] [Paper Async Task Handler Thread - 1/INFO]: *** Currently you are 14 build(s) behind ***
[14:47:50] [Paper Async Task Handler Thread - 1/INFO]: *** It is highly recommended to download the latest build from https://papermc.io/downloads/paper ***
[14:47:56] [User Authenticator #0/INFO]: UUID of player TheKingDragon_YT is 1b2fa22e-9d4f-3bea-99c5-206d76f1aca3
[14:47:56] [Server thread/INFO]: [HorriblePlayerLoginEventHack] You have plugins listening to the PlayerLoginEvent, this will cause re-configuration APIs to be unavailable: [LuckPerms]
[14:47:58] [Server thread/INFO]: TheKingDragon_YT joined the game
[14:47:58] [Server thread/INFO]: TheKingDragon_YT[/127.0.88.202:56133] logged in with entity id 1 at ([world]-216.07975120057898, 72.0, -63.16360805758921)
[14:56:48] [Server thread/INFO]: Stopping server
[14:56:48] [Server thread/INFO]: [TAB] Disabling TAB v5.5.0
[14:56:48] [Server thread/INFO]: [TAB] Disabled in 1ms
[14:56:48] [Server thread/INFO]: [BetterTPA] Disabling BetterTPA v1.1.1
[14:56:48] [Server thread/INFO]: [Geyser-Spigot] Disabling Geyser-Spigot v2.9.3-SNAPSHOT
[14:56:48] [Server thread/INFO]: [Geyser-Spigot] Shutting down Geyser.
[14:56:49] [Server thread/INFO]: [Geyser-Spigot] Geyser shutdown successfully.
[14:56:49] [Server thread/INFO]: [Multiverse-Inventories] Disabling Multiverse-Inventories v5.3.1
[14:56:49] [Server thread/INFO]: [Multiverse-Inventories] - Disabled
[14:56:49] [Server thread/INFO]: [Chunky] Disabling Chunky v1.4.40
[14:56:49] [Server thread/INFO]: [SkinsRestorer] Disabling SkinsRestorer v15.10.0
[14:56:49] [Server thread/INFO]: [UltimateHomes] Disabling UltimateHomes v3.1
[14:56:49] [Server thread/INFO]: [CoreProtect] Disabling CoreProtect v23.1
[14:56:49] [Server thread/INFO]: [CoreProtect] Finishing up data logging. Please wait...
[14:56:49] [Server thread/INFO]: [CoreProtect] Success! Disabled CoreProtect v23.1
[14:56:49] [Server thread/INFO]: [LuckPerms] Disabling LuckPerms v5.5.32
[14:56:49] [Server thread/INFO]: [LuckPerms] Starting shutdown process...
[14:56:49] [Server thread/INFO]: [LuckPerms] Closing storage...
[14:56:49] [Server thread/INFO]: [LuckPerms] Goodbye!
[14:56:49] [Server thread/INFO]: [Multiverse-Core] Disabling Multiverse-Core v5.5.2
[14:56:49] [Server thread/INFO]: [Multiverse-Core] - Disabled
[14:56:49] [Server thread/INFO]: [ViaBackwards] Disabling ViaBackwards v5.7.2-SNAPSHOT
[14:56:49] [Server thread/INFO]: [WorldEdit] Disabling WorldEdit v7.4.0+7381-3decaf0
[14:56:49] [Server thread/INFO]: Unregistering com.sk89q.worldedit.bukkit.BukkitServerInterface from WorldEdit
[14:56:49] [Server thread/INFO]: [ViaVersion] Disabling ViaVersion v5.7.2-SNAPSHOT
[14:56:49] [Server thread/INFO]: [ViaVersion] ViaVersion has been disabled; uninjected the platform and shut down the scheduler.
[14:56:49] [Server thread/INFO]: Saving players
[14:56:49] [Server thread/INFO]: TheKingDragon_YT lost connection: Server closed
[14:56:49] [Server thread/INFO]: TheKingDragon_YT left the game
[14:56:50] [Server thread/INFO]: Saving worlds
[14:56:50] [Server thread/INFO]: Saving chunks for level 'ServerLevel[world]'/minecraft:overworld
[14:56:50] [Server thread/INFO]: [ChunkHolderManager] Waiting 60s for chunk system to halt for world 'world'
[14:56:50] [Server thread/INFO]: [ChunkHolderManager] Halted chunk system for world 'world'
[14:56:50] [Server thread/INFO]: [ChunkHolderManager] Saving all chunkholders for world 'world'
[14:56:50] [Server thread/INFO]: [ChunkHolderManager] Saved 39 block chunks, 154 entity chunks, 2 poi chunks in world 'world' in 0.12s
[14:56:50] [Server thread/INFO]: [ChunkHolderManager] Waiting 60s for chunk I/O to halt for world 'world'
[14:56:50] [Server thread/INFO]: [ChunkHolderManager] Halted I/O scheduler for world 'world'
[14:56:50] [Server thread/INFO]: Saving chunks for level 'ServerLevel[world_nether]'/minecraft:the_nether
[14:56:50] [Server thread/INFO]: [ChunkHolderManager] Waiting 60s for chunk system to halt for world 'world_nether'
[14:56:50] [Server thread/INFO]: [ChunkHolderManager] Halted chunk system for world 'world_nether'
[14:56:50] [Server thread/INFO]: [ChunkHolderManager] Saving all chunkholders for world 'world_nether'
[14:56:50] [Server thread/INFO]: [ChunkHolderManager] Saved 0 block chunks, 0 entity chunks, 0 poi chunks in world 'world_nether' in 0.00s
[14:56:50] [Server thread/INFO]: [ChunkHolderManager] Waiting 60s for chunk I/O to halt for world 'world_nether'
[14:56:50] [Server thread/INFO]: [ChunkHolderManager] Halted I/O scheduler for world 'world_nether'
[14:56:50] [Server thread/INFO]: Saving chunks for level 'ServerLevel[world_the_end]'/minecraft:the_end
[14:56:50] [Server thread/INFO]: [ChunkHolderManager] Waiting 60s for chunk system to halt for world 'world_the_end'
[14:56:50] [Server thread/INFO]: [ChunkHolderManager] Halted chunk system for world 'world_the_end'
[14:56:50] [Server thread/INFO]: [ChunkHolderManager] Saving all chunkholders for world 'world_the_end'
[14:56:50] [Server thread/INFO]: [ChunkHolderManager] Saved 0 block chunks, 0 entity chunks, 0 poi chunks in world 'world_the_end' in 0.00s
[14:56:50] [Server thread/INFO]: [ChunkHolderManager] Waiting 60s for chunk I/O to halt for world 'world_the_end'
[14:56:50] [Server thread/INFO]: [ChunkHolderManager] Halted I/O scheduler for world 'world_the_end'
[14:56:50] [Server thread/INFO]: Saving chunks for level 'ServerLevel[creativo]'/minecraft:creativo
[14:56:50] [Server thread/INFO]: [ChunkHolderManager] Waiting 60s for chunk system to halt for world 'creativo'
[14:56:50] [Server thread/INFO]: [ChunkHolderManager] Halted chunk system for world 'creativo'
[14:56:50] [Server thread/INFO]: [ChunkHolderManager] Saving all chunkholders for world 'creativo'
[14:56:50] [Server thread/INFO]: [ChunkHolderManager] Saved 0 block chunks, 0 entity chunks, 0 poi chunks in world 'creativo' in 0.00s
[14:56:50] [Server thread/INFO]: [ChunkHolderManager] Waiting 60s for chunk I/O to halt for world 'creativo'
[14:56:50] [Server thread/INFO]: [ChunkHolderManager] Halted I/O scheduler for world 'creativo'
[14:56:50] [Server thread/INFO]: ThreadedAnvilChunkStorage (world): All chunks are saved
[14:56:50] [Server thread/INFO]: ThreadedAnvilChunkStorage (DIM-1): All chunks are saved
[14:56:50] [Server thread/INFO]: ThreadedAnvilChunkStorage (DIM1): All chunks are saved
[14:56:50] [Server thread/INFO]: ThreadedAnvilChunkStorage (creativo): All chunks are saved
[14:56:50] [Server thread/INFO]: ThreadedAnvilChunkStorage: All dimensions are saved
[14:56:50] [Server thread/INFO]: Waiting for all RegionFile I/O tasks to complete...
[14:56:50] [Server thread/INFO]: All RegionFile I/O tasks to complete
[14:56:50] [Server thread/INFO]: [MoonriseCommon] Awaiting termination of worker pool for up to 60s...
[14:56:50] [Server thread/INFO]: [MoonriseCommon] Awaiting termination of I/O pool for up to 60s...
